[ 2018-05-11T08:30:48+08:00 ] 127.0.0.1 /index.php/admin/Category/index.php?m=Category&a=ajaxadd
INFO: [ app_begin ] --START--
INFO: ReadHtmlCache Behavior ::run [ RunTime:0.000000s ]
INFO: [ app_begin ] --END-- [ RunTime:0.000000s ]
SQL: SHOW COLUMNS FROM `wx_category` [ RunTime:0.010000s ]
SQL: SHOW COLUMNS FROM `wx_category` [ RunTime:0.022001s ]
SQL: SELECT COUNT(*) AS tp_count FROM `wx_category` WHERE ( category_name = 'f' ) LIMIT 1   [ RunTime:0.134008s ]

[ 2018-05-11T08:30:49+08:00 ] 127.0.0.1 /index.php/admin/Category/index.php?m=Category&a=ajaxadd
INFO: [ app_begin ] --START--
INFO: ReadHtmlCache Behavior ::run [ RunTime:0.001000s ]
INFO: [ app_begin ] --END-- [ RunTime:0.001000s ]
SQL: SHOW COLUMNS FROM `wx_category` [ RunTime:0.013001s ]
SQL: SHOW COLUMNS FROM `wx_category` [ RunTime:0.010000s ]
SQL: SELECT COUNT(*) AS tp_count FROM `wx_category` WHERE ( category_name = 'fu' ) LIMIT 1   [ RunTime:0.000000s ]

[ 2018-05-11T08:30:50+08:00 ] 127.0.0.1 /index.php/admin/Category/index.php?m=Category&a=ajaxadd
INFO: [ app_begin ] --START--
INFO: ReadHtmlCache Behavior ::run [ RunTime:0.001000s ]
INFO: [ app_begin ] --END-- [ RunTime:0.001000s ]
SQL: SHOW COLUMNS FROM `wx_category` [ RunTime:0.014001s ]
SQL: SHOW COLUMNS FROM `wx_category` [ RunTime:0.010001s ]
SQL: SELECT COUNT(*) AS tp_count FROM `wx_category` WHERE ( category_name = 'fuzh' ) LIMIT 1   [ RunTime:0.001000s ]

[ 2018-05-11T08:30:52+08:00 ] 127.0.0.1 /index.php/admin/Category/index.php?m=Category&a=ajaxadd
INFO: [ app_begin ] --START--
INFO: ReadHtmlCache Behavior ::run [ RunTime:0.001000s ]
INFO: [ app_begin ] --END-- [ RunTime:0.001000s ]
SQL: SHOW COLUMNS FROM `wx_category` [ RunTime:0.014001s ]
SQL: SHOW COLUMNS FROM `wx_category` [ RunTime:0.009000s ]
SQL: SELECT COUNT(*) AS tp_count FROM `wx_category` WHERE ( category_name = 'fuzh' ) LIMIT 1   [ RunTime:0.000000s ]

[ 2018-05-11T08:30:53+08:00 ] 127.0.0.1 /index.php/admin/Category/index.php?m=Category&a=ajaxadd
INFO: [ app_begin ] --START--
INFO: ReadHtmlCache Behavior ::run [ RunTime:0.001000s ]
INFO: [ app_begin ] --END-- [ RunTime:0.001000s ]
SQL: SHOW COLUMNS FROM `wx_category` [ RunTime:0.009001s ]
SQL: SHOW COLUMNS FROM `wx_category` [ RunTime:0.009000s ]
SQL: SELECT COUNT(*) AS tp_count FROM `wx_category` WHERE ( category_name = 'fuzhua' ) LIMIT 1   [ RunTime:0.000000s ]

[ 2018-05-11T08:30:54+08:00 ] 127.0.0.1 /index.php/admin/Category/index.php?m=Category&a=ajaxadd
INFO: [ app_begin ] --START--
INFO: ReadHtmlCache Behavior ::run [ RunTime:0.001000s ]
INFO: [ app_begin ] --END-- [ RunTime:0.001000s ]
SQL: SHOW COLUMNS FROM `wx_category` [ RunTime:0.011000s ]
SQL: SHOW COLUMNS FROM `wx_category` [ RunTime:0.010001s ]
SQL: SELECT COUNT(*) AS tp_count FROM `wx_category` WHERE ( category_name = 'fuzhua' ) LIMIT 1   [ RunTime:0.001000s ]

[ 2018-05-11T08:30:55+08:00 ] 127.0.0.1 /index.php/admin/Category/index.php?m=Category&a=ajaxadd
INFO: [ app_begin ] --START--
INFO: ReadHtmlCache Behavior ::run [ RunTime:0.000000s ]
INFO: [ app_begin ] --END-- [ RunTime:0.001000s ]
SQL: SHOW COLUMNS FROM `wx_category` [ RunTime:0.014001s ]
SQL: SHOW COLUMNS FROM `wx_category` [ RunTime:0.011000s ]
SQL: SELECT COUNT(*) AS tp_count FROM `wx_category` WHERE ( category_name = 'fuzhuan' ) LIMIT 1   [ RunTime:0.001000s ]

[ 2018-05-11T08:30:56+08:00 ] 127.0.0.1 /index.php/admin/Category/index.php?m=Category&a=ajaxadd
INFO: [ app_begin ] --START--
INFO: ReadHtmlCache Behavior ::run [ RunTime:0.000000s ]
INFO: [ app_begin ] --END-- [ RunTime:0.000000s ]
SQL: SHOW COLUMNS FROM `wx_category` [ RunTime:0.009000s ]
SQL: SHOW COLUMNS FROM `wx_category` [ RunTime:0.010001s ]
SQL: SELECT COUNT(*) AS tp_count FROM `wx_category` WHERE ( category_name = 'fuzhuang' ) LIMIT 1   [ RunTime:0.001000s ]

[ 2018-05-11T08:30:57+08:00 ] 127.0.0.1 /index.php/admin/Category/index.php?m=Category&a=ajaxadd
INFO: [ app_begin ] --START--
INFO: ReadHtmlCache Behavior ::run [ RunTime:0.001000s ]
INFO: [ app_begin ] --END-- [ RunTime:0.001000s ]
SQL: SHOW COLUMNS FROM `wx_category` [ RunTime:0.010000s ]
SQL: SHOW COLUMNS FROM `wx_category` [ RunTime:0.009001s ]
SQL: SELECT COUNT(*) AS tp_count FROM `wx_category` WHERE ( category_name = '服装' ) LIMIT 1   [ RunTime:0.000000s ]

[ 2018-05-11T10:02:51+08:00 ] 127.0.0.1 /index.php/admin/Insider/insider_edit/id/index.php?m=Insider&a=ajaxpass
INFO: [ app_begin ] --START--
INFO: ReadHtmlCache Behavior ::run [ RunTime:0.001000s ]
INFO: [ app_begin ] --END-- [ RunTime:0.001000s ]
SQL: SHOW COLUMNS FROM `wx_insider` [ RunTime:0.010001s ]
SQL: SHOW COLUMNS FROM `wx_insider` [ RunTime:0.010000s ]
SQL: SELECT * FROM `wx_insider` WHERE ( `insider_id` = 1 ) LIMIT 1   [ RunTime:0.001000s ]

[ 2018-05-11T10:02:52+08:00 ] 127.0.0.1 /index.php/admin/Insider/insider_edit/id/index.php?m=Insider&a=ajaxpass
INFO: [ app_begin ] --START--
INFO: ReadHtmlCache Behavior ::run [ RunTime:0.001000s ]
INFO: [ app_begin ] --END-- [ RunTime:0.001000s ]
SQL: SHOW COLUMNS FROM `wx_insider` [ RunTime:0.012000s ]
SQL: SHOW COLUMNS FROM `wx_insider` [ RunTime:0.012001s ]
SQL: SELECT * FROM `wx_insider` WHERE ( `insider_id` = 1 ) LIMIT 1   [ RunTime:0.000000s ]

[ 2018-05-11T10:02:54+08:00 ] 127.0.0.1 /index.php/admin/Insider/insider_edit/id/index.php?m=Insider&a=ajaxpass
INFO: [ app_begin ] --START--
INFO: ReadHtmlCache Behavior ::run [ RunTime:0.001000s ]
INFO: [ app_begin ] --END-- [ RunTime:0.001000s ]
SQL: SHOW COLUMNS FROM `wx_insider` [ RunTime:0.011000s ]
SQL: SHOW COLUMNS FROM `wx_insider` [ RunTime:0.023002s ]
SQL: SELECT * FROM `wx_insider` WHERE ( `insider_id` = 1 ) LIMIT 1   [ RunTime:0.000000s ]

[ 2018-05-11T10:02:55+08:00 ] 127.0.0.1 /index.php/admin/Insider/insider_edit/id/index.php?m=Insider&a=ajaxpass
INFO: [ app_begin ] --START--
INFO: ReadHtmlCache Behavior ::run [ RunTime:0.001000s ]
INFO: [ app_begin ] --END-- [ RunTime:0.001000s ]
SQL: SHOW COLUMNS FROM `wx_insider` [ RunTime:0.010001s ]
SQL: SHOW COLUMNS FROM `wx_insider` [ RunTime:0.009000s ]
SQL: SELECT * FROM `wx_insider` WHERE ( `insider_id` = 1 ) LIMIT 1   [ RunTime:0.001000s ]

[ 2018-05-11T10:02:56+08:00 ] 127.0.0.1 /index.php/admin/Insider/insider_edit/id/index.php?m=Insider&a=ajaxpass
INFO: [ app_begin ] --START--
INFO: ReadHtmlCache Behavior ::run [ RunTime:0.001000s ]
INFO: [ app_begin ] --END-- [ RunTime:0.001000s ]
SQL: SHOW COLUMNS FROM `wx_insider` [ RunTime:0.010000s ]
SQL: SHOW COLUMNS FROM `wx_insider` [ RunTime:0.010001s ]
SQL: SELECT * FROM `wx_insider` WHERE ( `insider_id` = 1 ) LIMIT 1   [ RunTime:0.001000s ]

[ 2018-05-11T10:03:00+08:00 ] 127.0.0.1 /index.php/admin/Insider/insider_edit/id/index.php?m=Insider&a=ajaxpass
INFO: [ app_begin ] --START--
INFO: ReadHtmlCache Behavior ::run [ RunTime:0.001000s ]
INFO: [ app_begin ] --END-- [ RunTime:0.001000s ]
SQL: SHOW COLUMNS FROM `wx_insider` [ RunTime:0.010000s ]
SQL: SHOW COLUMNS FROM `wx_insider` [ RunTime:0.011001s ]
SQL: SELECT * FROM `wx_insider` WHERE ( `insider_id` = 1 ) LIMIT 1   [ RunTime:0.001000s ]

[ 2018-05-11T10:33:29+08:00 ] 127.0.0.1 /index.php/User/account
ERR: Syntax Error in template "../Tpl/home\User\account.html"  on line 81 "&lt;button onclick=&quot;if(confirm('是否确定退出？？?')){location.href='{$smarty.const.__GROUP__}/User/dies'}&quot;&gt;退出登录&lt;/button&gt;"  - Unexpected ".", expected one of: "}" , " "

[ 2018-05-11T13:16:42+08:00 ] 127.0.0.1 /index.php/User/account
ERR: Syntax Error in template "../Tpl/home\User\account.html"  on line 45 "&lt;span&gt;当前登录账号{$smarty.sesstion.name}&lt;/span&gt;" $smarty.sesstion is invalid

[ 2018-05-11T13:17:01+08:00 ] 127.0.0.1 /index.php/User/account
ERR: Syntax Error in template "../Tpl/home\User\account.html"  on line 45 "&lt;span&gt;当前登录账号{$smarty.sesstion.insider_name}&lt;/span&gt;" $smarty.sesstion is invalid

[ 2018-05-11T13:17:46+08:00 ] 127.0.0.1 /index.php/User/account
ERR: Syntax Error in template "../Tpl/home\User\account.html"  on line 45 "&lt;span&gt;当前登录账号{$smarty.sesstion.insider_name}&lt;/span&gt;" $smarty.sesstion is invalid

[ 2018-05-11T13:17:48+08:00 ] 127.0.0.1 /index.php/User/account
ERR: Syntax Error in template "../Tpl/home\User\account.html"  on line 45 "&lt;span&gt;当前登录账号{$smarty.sesstion.insider_name}&lt;/span&gt;" $smarty.sesstion is invalid

[ 2018-05-11T13:17:50+08:00 ] 127.0.0.1 /index.php/User/account
ERR: Syntax Error in template "../Tpl/home\User\account.html"  on line 45 "&lt;span&gt;当前登录账号{$smarty.sesstion.insider_name}&lt;/span&gt;" $smarty.sesstion is invalid

[ 2018-05-11T13:17:52+08:00 ] 127.0.0.1 /index.php/User/account
ERR: Syntax Error in template "../Tpl/home\User\account.html"  on line 45 "&lt;span&gt;当前登录账号{$smarty.sesstion.insider_name}&lt;/span&gt;" $smarty.sesstion is invalid

[ 2018-05-11T13:18:15+08:00 ] 127.0.0.1 /index.php/User/account
ERR: Syntax Error in template "../Tpl/home\User\account.html"  on line 49 "{if isset($smarty.sesstion.insider_name)}" $smarty.sesstion is invalid

[ 2018-05-11T13:19:15+08:00 ] 127.0.0.1 /index.php/User/account
ERR: Syntax Error in template "../Tpl/home\User\account.html"  on line 49 "{if isset($smarty.sesstion.insider_name)}" $smarty.sesstion is invalid

